Mar 10, 2019 12:48:28 PM org.apache.catalina.startup.VersionLoggerListener log
INFO: Server version:        Apache Tomcat/7.0.93
Mar 10, 2019 12:48:28 PM org.apache.catalina.startup.VersionLoggerListener log
INFO: Server built:          Feb 16 2019 17:13:17 UTC
Mar 10, 2019 12:48:28 PM org.apache.catalina.startup.VersionLoggerListener log
INFO: Server number:         7.0.93.0
Mar 10, 2019 12:48:28 PM org.apache.catalina.startup.VersionLoggerListener log
INFO: OS Name:               Windows 10
Mar 10, 2019 12:48:28 PM org.apache.catalina.startup.VersionLoggerListener log
INFO: OS Version:            10.0
Mar 10, 2019 12:48:28 PM org.apache.catalina.startup.VersionLoggerListener log
INFO: Architecture:          amd64
Mar 10, 2019 12:48:28 PM org.apache.catalina.startup.VersionLoggerListener log
INFO: Java Home:             C:\Program Files\Java\jdk-9.0.1
Mar 10, 2019 12:48:28 PM org.apache.catalina.startup.VersionLoggerListener log
INFO: JVM Version:           9.0.1+11
Mar 10, 2019 12:48:28 PM org.apache.catalina.startup.VersionLoggerListener log
INFO: JVM Vendor:            Oracle Corporation
Mar 10, 2019 12:48:28 PM org.apache.catalina.startup.VersionLoggerListener log
INFO: CATALINA_BASE:         C:\Users\vural\Desktop\ssl\apache-tomcat-7.0.93
Mar 10, 2019 12:48:28 PM org.apache.catalina.startup.VersionLoggerListener log
INFO: CATALINA_HOME:         C:\Users\vural\Desktop\ssl\apache-tomcat-7.0.93
Mar 10, 2019 12:48:28 PM org.apache.catalina.startup.VersionLoggerListener log
INFO: Command line argument: --add-opens=java.base/java.lang=ALL-UNNAMED
Mar 10, 2019 12:48:28 PM org.apache.catalina.startup.VersionLoggerListener log
INFO: Command line argument: --add-opens=java.base/java.io=ALL-UNNAMED
Mar 10, 2019 12:48:28 PM org.apache.catalina.startup.VersionLoggerListener log
INFO: Command line argument: --add-opens=java.rmi/sun.rmi.transport=ALL-UNNAMED
Mar 10, 2019 12:48:28 PM org.apache.catalina.startup.VersionLoggerListener log
INFO: Command line argument: -Djava.util.logging.config.file=C:\Users\vural\Desktop\ssl\apache-tomcat-7.0.93\conf\logging.properties
Mar 10, 2019 12:48:28 PM org.apache.catalina.startup.VersionLoggerListener log
INFO: Command line argument: -Djava.util.logging.manager=org.apache.juli.ClassLoaderLogManager
Mar 10, 2019 12:48:28 PM org.apache.catalina.startup.VersionLoggerListener log
INFO: Command line argument: -Djdk.tls.ephemeralDHKeySize=2048
Mar 10, 2019 12:48:28 PM org.apache.catalina.startup.VersionLoggerListener log
INFO: Command line argument: -Dignore.endorsed.dirs=
Mar 10, 2019 12:48:28 PM org.apache.catalina.startup.VersionLoggerListener log
INFO: Command line argument: -Dcatalina.base=C:\Users\vural\Desktop\ssl\apache-tomcat-7.0.93
Mar 10, 2019 12:48:28 PM org.apache.catalina.startup.VersionLoggerListener log
INFO: Command line argument: -Dcatalina.home=C:\Users\vural\Desktop\ssl\apache-tomcat-7.0.93
Mar 10, 2019 12:48:28 PM org.apache.catalina.startup.VersionLoggerListener log
INFO: Command line argument: -Djava.io.tmpdir=C:\Users\vural\Desktop\ssl\apache-tomcat-7.0.93\temp
Mar 10, 2019 12:48:28 PM org.apache.catalina.core.AprLifecycleListener lifecycleEvent
INFO: Loaded APR based Apache Tomcat Native library 1.2.21 using APR version 1.6.5.
Mar 10, 2019 12:48:28 PM org.apache.catalina.core.AprLifecycleListener lifecycleEvent
INFO: APR capabilities: IPv6 [true], sendfile [true], accept filters [false], random [true].
Mar 10, 2019 12:48:28 PM org.apache.catalina.core.AprLifecycleListener initializeSSL
INFO: OpenSSL successfully initialized (OpenSSL 1.1.1a  20 Nov 2018)
Mar 10, 2019 12:48:28 PM org.apache.coyote.AbstractProtocol init
INFO: Initializing ProtocolHandler ["http-apr-8080"]
Mar 10, 2019 12:48:28 PM org.apache.coyote.AbstractProtocol init
INFO: Initializing ProtocolHandler ["http-apr-8443"]
Mar 10, 2019 12:48:28 PM org.apache.coyote.AbstractProtocol init
SEVERE: Failed to initialize end point associated with ProtocolHandler ["http-apr-8443"]
java.lang.Exception: Connector attribute SSLCertificateFile must be defined when using SSL with APR
	at org.apache.tomcat.util.net.AprEndpoint.bind(AprEndpoint.java:537)
	at org.apache.tomcat.util.net.AbstractEndpoint.init(AbstractEndpoint.java:728)
	at org.apache.coyote.AbstractProtocol.init(AbstractProtocol.java:452)
	at org.apache.catalina.connector.Connector.initInternal(Connector.java:978)
	at org.apache.catalina.util.LifecycleBase.init(LifecycleBase.java:102)
	at org.apache.catalina.core.StandardService.initInternal(StandardService.java:560)
	at org.apache.catalina.util.LifecycleBase.init(LifecycleBase.java:102)
	at org.apache.catalina.core.StandardServer.initInternal(StandardServer.java:840)
	at org.apache.catalina.util.LifecycleBase.init(LifecycleBase.java:102)
	at org.apache.catalina.startup.Catalina.load(Catalina.java:660)
	at org.apache.catalina.startup.Catalina.load(Catalina.java:685)
	at java.base/jdk.internal.reflect.NativeMethodAccessorImpl.invoke0(Native Method)
	at java.base/jdk.internal.reflect.NativeMethodAccessorImpl.invoke(NativeMethodAccessorImpl.java:62)
	at java.base/jdk.internal.reflect.DelegatingMethodAccessorImpl.invoke(DelegatingMethodAccessorImpl.java:43)
	at java.base/java.lang.reflect.Method.invoke(Method.java:564)
	at org.apache.catalina.startup.Bootstrap.load(Bootstrap.java:253)
	at org.apache.catalina.startup.Bootstrap.main(Bootstrap.java:427)

Mar 10, 2019 12:48:28 PM org.apache.catalina.core.StandardService initInternal
SEVERE: Failed to initialize connector [Connector[HTTP/1.1-8443]]
org.apache.catalina.LifecycleException: Failed to initialize component [Connector[HTTP/1.1-8443]]
	at org.apache.catalina.util.LifecycleBase.init(LifecycleBase.java:107)
	at org.apache.catalina.core.StandardService.initInternal(StandardService.java:560)
	at org.apache.catalina.util.LifecycleBase.init(LifecycleBase.java:102)
	at org.apache.catalina.core.StandardServer.initInternal(StandardServer.java:840)
	at org.apache.catalina.util.LifecycleBase.init(LifecycleBase.java:102)
	at org.apache.catalina.startup.Catalina.load(Catalina.java:660)
	at org.apache.catalina.startup.Catalina.load(Catalina.java:685)
	at java.base/jdk.internal.reflect.NativeMethodAccessorImpl.invoke0(Native Method)
	at java.base/jdk.internal.reflect.NativeMethodAccessorImpl.invoke(NativeMethodAccessorImpl.java:62)
	at java.base/jdk.internal.reflect.DelegatingMethodAccessorImpl.invoke(DelegatingMethodAccessorImpl.java:43)
	at java.base/java.lang.reflect.Method.invoke(Method.java:564)
	at org.apache.catalina.startup.Bootstrap.load(Bootstrap.java:253)
	at org.apache.catalina.startup.Bootstrap.main(Bootstrap.java:427)
Caused by: org.apache.catalina.LifecycleException: Protocol handler initialization failed
	at org.apache.catalina.connector.Connector.initInternal(Connector.java:980)
	at org.apache.catalina.util.LifecycleBase.init(LifecycleBase.java:102)
	... 12 more
Caused by: java.lang.Exception: Connector attribute SSLCertificateFile must be defined when using SSL with APR
	at org.apache.tomcat.util.net.AprEndpoint.bind(AprEndpoint.java:537)
	at org.apache.tomcat.util.net.AbstractEndpoint.init(AbstractEndpoint.java:728)
	at org.apache.coyote.AbstractProtocol.init(AbstractProtocol.java:452)
	at org.apache.catalina.connector.Connector.initInternal(Connector.java:978)
	... 13 more

Mar 10, 2019 12:48:28 PM org.apache.coyote.AbstractProtocol init
INFO: Initializing ProtocolHandler ["ajp-apr-8009"]
Mar 10, 2019 12:48:28 PM org.apache.catalina.startup.Catalina load
INFO: Initialization processed in 1055 ms
Mar 10, 2019 12:48:28 PM org.apache.catalina.core.StandardService startInternal
INFO: Starting service Catalina
Mar 10, 2019 12:48:28 PM org.apache.catalina.core.StandardEngine startInternal
INFO: Starting Servlet Engine: Apache Tomcat/7.0.93
Mar 10, 2019 12:48:28 PM org.apache.catalina.startup.HostConfig deployWAR
INFO: Deploying web application archive C:\Users\vural\Desktop\ssl\apache-tomcat-7.0.93\webapps\JavaSSL.war
Mar 10, 2019 12:48:30 PM org.apache.catalina.loader.WebappClassLoaderBase validateJarFile
INFO: validateJarFile(C:\Users\vural\Desktop\ssl\apache-tomcat-7.0.93\webapps\JavaSSL\WEB-INF\lib\javax.servlet-api-3.1.0.jar) - jar not loaded. See Servlet Spec 3.0, section 10.7.2. Offending class: javax/servlet/Servlet.class
Mar 10, 2019 12:48:32 PM org.apache.catalina.startup.TldConfig execute
INFO: At least one JAR was scanned for TLDs yet contained no TLDs. Enable debug logging for this logger for a complete list of JARs that were scanned but no TLDs were found in them. Skipping unneeded JARs during scanning can improve startup time and JSP compilation time.
Mar 10, 2019 12:48:32 PM org.apache.catalina.util.SessionIdGeneratorBase createSecureRandom
WARNING: Creation of SecureRandom instance for session ID generation using [SHA1PRNG] took [306] milliseconds.
Mar 10, 2019 12:48:32 PM org.springframework.web.servlet.DispatcherServlet initServletBean
INFO: FrameworkServlet 'dispatcher': initialization started
Mar 10, 2019 12:48:32 PM org.springframework.web.context.support.XmlWebApplicationContext prepareRefresh
INFO: Refreshing WebApplicationContext for namespace 'dispatcher-servlet': startup date [Sun Mar 10 12:48:32 EET 2019]; root of context hierarchy
Mar 10, 2019 12:48:33 PM org.springframework.beans.factory.xml.XmlBeanDefinitionReader loadBeanDefinitions
INFO: Loading XML bean definitions from ServletContext resource [/WEB-INF/dispatcher-servlet.xml]
Mar 10, 2019 12:48:33 PM org.springframework.beans.factory.support.DefaultListableBeanFactory registerBeanDefinition
INFO: Overriding bean definition for bean 'mvcContentNegotiationManager' with a different definition: replacing [Root bean: class [org.springframework.web.accept.ContentNegotiationManagerFactoryBean]; scope=; abstract=false; lazyInit=false; autowireMode=0; dependencyCheck=0; autowireCandidate=true; primary=false; factoryBeanName=null; factoryMethodName=null; initMethodName=null; destroyMethodName=null] with [Root bean: class [null]; scope=; abstract=false; lazyInit=false; autowireMode=3; dependencyCheck=0; autowireCandidate=true; primary=false; factoryBeanName=org.springframework.web.servlet.config.annotation.DelegatingWebMvcConfiguration; factoryMethodName=mvcContentNegotiationManager; initMethodName=null; destroyMethodName=(inferred); defined in class path resource [org/springframework/web/servlet/config/annotation/DelegatingWebMvcConfiguration.class]]
Mar 10, 2019 12:48:33 PM org.springframework.context.annotation.ConfigurationClassBeanDefinitionReader isOverriddenByExistingDefinition
INFO: Skipping bean definition for [BeanMethod:name=mvcUriComponentsContributor,declaringClass=org.springframework.web.servlet.config.annotation.WebMvcConfigurationSupport]: a definition for bean 'mvcUriComponentsContributor' already exists. This top-level bean definition is considered as an override.
Mar 10, 2019 12:48:34 PM org.springframework.web.servlet.mvc.method.annotation.RequestMappingHandlerMapping register
INFO: Mapped "{[/],methods=[GET]}" onto public java.lang.String com.vural.ssl.Controller.home(java.util.Locale,org.springframework.ui.Model)
Mar 10, 2019 12:48:34 PM org.springframework.web.servlet.mvc.method.annotation.RequestMappingHandlerMapping register
INFO: Mapped "{[/hello]}" onto public java.lang.String com.vural.ssl.Controller.hello()
Mar 10, 2019 12:48:34 PM org.springframework.web.servlet.mvc.method.annotation.RequestMappingHandlerAdapter initControllerAdviceCache
INFO: Looking for @ControllerAdvice: WebApplicationContext for namespace 'dispatcher-servlet': startup date [Sun Mar 10 12:48:32 EET 2019]; root of context hierarchy
Mar 10, 2019 12:48:34 PM org.springframework.web.servlet.mvc.method.annotation.RequestMappingHandlerAdapter initControllerAdviceCache
INFO: Looking for @ControllerAdvice: WebApplicationContext for namespace 'dispatcher-servlet': startup date [Sun Mar 10 12:48:32 EET 2019]; root of context hierarchy
Mar 10, 2019 12:48:35 PM org.springframework.web.servlet.mvc.method.annotation.RequestMappingHandlerMapping register
INFO: Mapped "{[/],methods=[GET]}" onto public java.lang.String com.vural.ssl.Controller.home(java.util.Locale,org.springframework.ui.Model)
Mar 10, 2019 12:48:35 PM org.springframework.web.servlet.mvc.method.annotation.RequestMappingHandlerMapping register
INFO: Mapped "{[/hello]}" onto public java.lang.String com.vural.ssl.Controller.hello()
Mar 10, 2019 12:48:35 PM org.springframework.web.servlet.mvc.method.annotation.RequestMappingHandlerAdapter initControllerAdviceCache
INFO: Looking for @ControllerAdvice: WebApplicationContext for namespace 'dispatcher-servlet': startup date [Sun Mar 10 12:48:32 EET 2019]; root of context hierarchy
Mar 10, 2019 12:48:35 PM org.springframework.web.servlet.DispatcherServlet initServletBean
INFO: FrameworkServlet 'dispatcher': initialization completed in 2390 ms
Mar 10, 2019 12:48:35 PM org.apache.catalina.startup.HostConfig deployWAR
INFO: Deployment of web application archive C:\Users\vural\Desktop\ssl\apache-tomcat-7.0.93\webapps\JavaSSL.war has finished in 6,874 ms
Mar 10, 2019 12:48:35 PM org.apache.catalina.startup.HostConfig deployDirectory
INFO: Deploying web application directory C:\Users\vural\Desktop\ssl\apache-tomcat-7.0.93\webapps\docs
Mar 10, 2019 12:48:35 PM org.apache.catalina.startup.TldConfig execute
INFO: At least one JAR was scanned for TLDs yet contained no TLDs. Enable debug logging for this logger for a complete list of JARs that were scanned but no TLDs were found in them. Skipping unneeded JARs during scanning can improve startup time and JSP compilation time.
Mar 10, 2019 12:48:35 PM org.apache.catalina.startup.HostConfig deployDirectory
INFO: Deployment of web application directory C:\Users\vural\Desktop\ssl\apache-tomcat-7.0.93\webapps\docs has finished in 90 ms
Mar 10, 2019 12:48:35 PM org.apache.catalina.startup.HostConfig deployDirectory
INFO: Deploying web application directory C:\Users\vural\Desktop\ssl\apache-tomcat-7.0.93\webapps\examples
Mar 10, 2019 12:48:35 PM org.apache.catalina.startup.TldConfig execute
INFO: At least one JAR was scanned for TLDs yet contained no TLDs. Enable debug logging for this logger for a complete list of JARs that were scanned but no TLDs were found in them. Skipping unneeded JARs during scanning can improve startup time and JSP compilation time.
Mar 10, 2019 12:48:35 PM org.apache.catalina.startup.HostConfig deployDirectory
INFO: Deployment of web application directory C:\Users\vural\Desktop\ssl\apache-tomcat-7.0.93\webapps\examples has finished in 424 ms
Mar 10, 2019 12:48:35 PM org.apache.catalina.startup.HostConfig deployDirectory
INFO: Deploying web application directory C:\Users\vural\Desktop\ssl\apache-tomcat-7.0.93\webapps\host-manager
Mar 10, 2019 12:48:35 PM org.apache.catalina.startup.TldConfig execute
INFO: At least one JAR was scanned for TLDs yet contained no TLDs. Enable debug logging for this logger for a complete list of JARs that were scanned but no TLDs were found in them. Skipping unneeded JARs during scanning can improve startup time and JSP compilation time.
Mar 10, 2019 12:48:35 PM org.apache.catalina.startup.HostConfig deployDirectory
INFO: Deployment of web application directory C:\Users\vural\Desktop\ssl\apache-tomcat-7.0.93\webapps\host-manager has finished in 106 ms
Mar 10, 2019 12:48:36 PM org.apache.catalina.startup.HostConfig deployDirectory
INFO: Deploying web application directory C:\Users\vural\Desktop\ssl\apache-tomcat-7.0.93\webapps\manager
Mar 10, 2019 12:48:36 PM org.apache.catalina.startup.TldConfig execute
INFO: At least one JAR was scanned for TLDs yet contained no TLDs. Enable debug logging for this logger for a complete list of JARs that were scanned but no TLDs were found in them. Skipping unneeded JARs during scanning can improve startup time and JSP compilation time.
Mar 10, 2019 12:48:36 PM org.apache.catalina.startup.HostConfig deployDirectory
INFO: Deployment of web application directory C:\Users\vural\Desktop\ssl\apache-tomcat-7.0.93\webapps\manager has finished in 89 ms
Mar 10, 2019 12:48:36 PM org.apache.catalina.startup.HostConfig deployDirectory
INFO: Deploying web application directory C:\Users\vural\Desktop\ssl\apache-tomcat-7.0.93\webapps\ROOT
Mar 10, 2019 12:48:36 PM org.apache.catalina.startup.TldConfig execute
INFO: At least one JAR was scanned for TLDs yet contained no TLDs. Enable debug logging for this logger for a complete list of JARs that were scanned but no TLDs were found in them. Skipping unneeded JARs during scanning can improve startup time and JSP compilation time.
Mar 10, 2019 12:48:36 PM org.apache.catalina.startup.HostConfig deployDirectory
INFO: Deployment of web application directory C:\Users\vural\Desktop\ssl\apache-tomcat-7.0.93\webapps\ROOT has finished in 98 ms
Mar 10, 2019 12:48:36 PM org.apache.coyote.AbstractProtocol start
INFO: Starting ProtocolHandler ["http-apr-8080"]
Mar 10, 2019 12:48:36 PM org.apache.coyote.AbstractProtocol start
INFO: Starting ProtocolHandler ["ajp-apr-8009"]
Mar 10, 2019 12:48:36 PM org.apache.catalina.startup.Catalina start
INFO: Server startup in 7893 ms
Mar 10, 2019 12:51:05 PM org.apache.coyote.AbstractProtocol pause
INFO: Pausing ProtocolHandler ["http-apr-8080"]
Mar 10, 2019 12:51:05 PM org.apache.coyote.AbstractProtocol pause
INFO: Pausing ProtocolHandler ["http-apr-8443"]
Mar 10, 2019 12:51:05 PM org.apache.coyote.AbstractProtocol pause
INFO: Pausing ProtocolHandler ["ajp-apr-8009"]
Mar 10, 2019 12:51:05 PM org.apache.catalina.core.StandardService stopInternal
INFO: Stopping service Catalina
Mar 10, 2019 12:51:06 PM org.springframework.web.context.support.XmlWebApplicationContext doClose
INFO: Closing WebApplicationContext for namespace 'dispatcher-servlet': startup date [Sun Mar 10 12:48:32 EET 2019]; root of context hierarchy
Mar 10, 2019 12:51:06 PM org.apache.coyote.AbstractProtocol stop
INFO: Stopping ProtocolHandler ["http-apr-8080"]
Mar 10, 2019 12:51:06 PM org.apache.coyote.AbstractProtocol stop
INFO: Stopping ProtocolHandler ["ajp-apr-8009"]
Mar 10, 2019 12:51:06 PM org.apache.coyote.AbstractProtocol destroy
INFO: Destroying ProtocolHandler ["http-apr-8080"]
Mar 10, 2019 12:51:06 PM org.apache.coyote.AbstractProtocol stop
INFO: Stopping ProtocolHandler ["http-apr-8443"]
Mar 10, 2019 12:51:06 PM org.apache.coyote.AbstractProtocol destroy
INFO: Destroying ProtocolHandler ["http-apr-8443"]
Mar 10, 2019 12:51:06 PM org.apache.coyote.AbstractProtocol destroy
INFO: Destroying ProtocolHandler ["ajp-apr-8009"]
Mar 10, 2019 12:51:10 PM org.apache.catalina.startup.VersionLoggerListener log
INFO: Server version:        Apache Tomcat/7.0.93
Mar 10, 2019 12:51:10 PM org.apache.catalina.startup.VersionLoggerListener log
INFO: Server built:          Feb 16 2019 17:13:17 UTC
Mar 10, 2019 12:51:10 PM org.apache.catalina.startup.VersionLoggerListener log
INFO: Server number:         7.0.93.0
Mar 10, 2019 12:51:10 PM org.apache.catalina.startup.VersionLoggerListener log
INFO: OS Name:               Windows 10
Mar 10, 2019 12:51:10 PM org.apache.catalina.startup.VersionLoggerListener log
INFO: OS Version:            10.0
Mar 10, 2019 12:51:10 PM org.apache.catalina.startup.VersionLoggerListener log
INFO: Architecture:          amd64
Mar 10, 2019 12:51:10 PM org.apache.catalina.startup.VersionLoggerListener log
INFO: Java Home:             C:\Program Files\Java\jdk-9.0.1
Mar 10, 2019 12:51:10 PM org.apache.catalina.startup.VersionLoggerListener log
INFO: JVM Version:           9.0.1+11
Mar 10, 2019 12:51:10 PM org.apache.catalina.startup.VersionLoggerListener log
INFO: JVM Vendor:            Oracle Corporation
Mar 10, 2019 12:51:10 PM org.apache.catalina.startup.VersionLoggerListener log
INFO: CATALINA_BASE:         C:\Users\vural\Desktop\ssl\apache-tomcat-7.0.93
Mar 10, 2019 12:51:10 PM org.apache.catalina.startup.VersionLoggerListener log
INFO: CATALINA_HOME:         C:\Users\vural\Desktop\ssl\apache-tomcat-7.0.93
Mar 10, 2019 12:51:10 PM org.apache.catalina.startup.VersionLoggerListener log
INFO: Command line argument: --add-opens=java.base/java.lang=ALL-UNNAMED
Mar 10, 2019 12:51:10 PM org.apache.catalina.startup.VersionLoggerListener log
INFO: Command line argument: --add-opens=java.base/java.io=ALL-UNNAMED
Mar 10, 2019 12:51:10 PM org.apache.catalina.startup.VersionLoggerListener log
INFO: Command line argument: --add-opens=java.rmi/sun.rmi.transport=ALL-UNNAMED
Mar 10, 2019 12:51:10 PM org.apache.catalina.startup.VersionLoggerListener log
INFO: Command line argument: -Djava.util.logging.config.file=C:\Users\vural\Desktop\ssl\apache-tomcat-7.0.93\conf\logging.properties
Mar 10, 2019 12:51:10 PM org.apache.catalina.startup.VersionLoggerListener log
INFO: Command line argument: -Djava.util.logging.manager=org.apache.juli.ClassLoaderLogManager
Mar 10, 2019 12:51:10 PM org.apache.catalina.startup.VersionLoggerListener log
INFO: Command line argument: -Djdk.tls.ephemeralDHKeySize=2048
Mar 10, 2019 12:51:10 PM org.apache.catalina.startup.VersionLoggerListener log
INFO: Command line argument: -Dignore.endorsed.dirs=
Mar 10, 2019 12:51:10 PM org.apache.catalina.startup.VersionLoggerListener log
INFO: Command line argument: -Dcatalina.base=C:\Users\vural\Desktop\ssl\apache-tomcat-7.0.93
Mar 10, 2019 12:51:10 PM org.apache.catalina.startup.VersionLoggerListener log
INFO: Command line argument: -Dcatalina.home=C:\Users\vural\Desktop\ssl\apache-tomcat-7.0.93
Mar 10, 2019 12:51:10 PM org.apache.catalina.startup.VersionLoggerListener log
INFO: Command line argument: -Djava.io.tmpdir=C:\Users\vural\Desktop\ssl\apache-tomcat-7.0.93\temp
Mar 10, 2019 12:51:10 PM org.apache.catalina.core.AprLifecycleListener lifecycleEvent
INFO: Loaded APR based Apache Tomcat Native library 1.2.21 using APR version 1.6.5.
Mar 10, 2019 12:51:10 PM org.apache.catalina.core.AprLifecycleListener lifecycleEvent
INFO: APR capabilities: IPv6 [true], sendfile [true], accept filters [false], random [true].
Mar 10, 2019 12:51:10 PM org.apache.catalina.core.AprLifecycleListener initializeSSL
INFO: OpenSSL successfully initialized (OpenSSL 1.1.1a  20 Nov 2018)
Mar 10, 2019 12:51:10 PM org.apache.coyote.AbstractProtocol init
INFO: Initializing ProtocolHandler ["http-apr-8080"]
Mar 10, 2019 12:51:10 PM org.apache.coyote.AbstractProtocol init
INFO: Initializing ProtocolHandler ["http-bio-8443"]
Mar 10, 2019 12:51:10 PM org.apache.tomcat.util.net.jsse.JSSESocketFactory getStore
SEVERE: Failed to load keystore type JKS with path conf/localhost-rsa.jks due to C:\Users\vural\Desktop\ssl\apache-tomcat-7.0.93\conf\localhost-rsa.jks (The system cannot find the file specified)
java.io.FileNotFoundException: C:\Users\vural\Desktop\ssl\apache-tomcat-7.0.93\conf\localhost-rsa.jks (The system cannot find the file specified)
	at java.base/java.io.FileInputStream.open0(Native Method)
	at java.base/java.io.FileInputStream.open(FileInputStream.java:196)
	at java.base/java.io.FileInputStream.<init>(FileInputStream.java:139)
	at java.base/java.io.FileInputStream.<init>(FileInputStream.java:94)
	at java.base/sun.net.www.protocol.file.FileURLConnection.connect(FileURLConnection.java:86)
	at java.base/sun.net.www.protocol.file.FileURLConnection.getInputStream(FileURLConnection.java:184)
	at java.base/java.net.URL.openStream(URL.java:1117)
	at org.apache.tomcat.util.file.ConfigFileLoader.getInputStream(ConfigFileLoader.java:100)
	at org.apache.tomcat.util.net.jsse.JSSESocketFactory.getStore(JSSESocketFactory.java:472)
	at org.apache.tomcat.util.net.jsse.JSSESocketFactory.getKeystore(JSSESocketFactory.java:381)
	at org.apache.tomcat.util.net.jsse.JSSESocketFactory.getKeyManagers(JSSESocketFactory.java:654)
	at org.apache.tomcat.util.net.jsse.JSSESocketFactory.getKeyManagers(JSSESocketFactory.java:594)
	at org.apache.tomcat.util.net.jsse.JSSESocketFactory.init(JSSESocketFactory.java:539)
	at org.apache.tomcat.util.net.jsse.JSSESocketFactory.createSocket(JSSESocketFactory.java:255)
	at org.apache.tomcat.util.net.JIoEndpoint.bind(JIoEndpoint.java:401)
	at org.apache.tomcat.util.net.AbstractEndpoint.init(AbstractEndpoint.java:728)
	at org.apache.coyote.AbstractProtocol.init(AbstractProtocol.java:452)
	at org.apache.coyote.http11.AbstractHttp11JsseProtocol.init(AbstractHttp11JsseProtocol.java:119)
	at org.apache.catalina.connector.Connector.initInternal(Connector.java:978)
	at org.apache.catalina.util.LifecycleBase.init(LifecycleBase.java:102)
	at org.apache.catalina.core.StandardService.initInternal(StandardService.java:560)
	at org.apache.catalina.util.LifecycleBase.init(LifecycleBase.java:102)
	at org.apache.catalina.core.StandardServer.initInternal(StandardServer.java:840)
	at org.apache.catalina.util.LifecycleBase.init(LifecycleBase.java:102)
	at org.apache.catalina.startup.Catalina.load(Catalina.java:660)
	at org.apache.catalina.startup.Catalina.load(Catalina.java:685)
	at java.base/jdk.internal.reflect.NativeMethodAccessorImpl.invoke0(Native Method)
	at java.base/jdk.internal.reflect.NativeMethodAccessorImpl.invoke(NativeMethodAccessorImpl.java:62)
	at java.base/jdk.internal.reflect.DelegatingMethodAccessorImpl.invoke(DelegatingMethodAccessorImpl.java:43)
	at java.base/java.lang.reflect.Method.invoke(Method.java:564)
	at org.apache.catalina.startup.Bootstrap.load(Bootstrap.java:253)
	at org.apache.catalina.startup.Bootstrap.main(Bootstrap.java:427)

Mar 10, 2019 12:51:10 PM org.apache.coyote.AbstractProtocol init
SEVERE: Failed to initialize end point associated with ProtocolHandler ["http-bio-8443"]
java.io.FileNotFoundException: C:\Users\vural\Desktop\ssl\apache-tomcat-7.0.93\conf\localhost-rsa.jks (The system cannot find the file specified)
	at java.base/java.io.FileInputStream.open0(Native Method)
	at java.base/java.io.FileInputStream.open(FileInputStream.java:196)
	at java.base/java.io.FileInputStream.<init>(FileInputStream.java:139)
	at java.base/java.io.FileInputStream.<init>(FileInputStream.java:94)
	at java.base/sun.net.www.protocol.file.FileURLConnection.connect(FileURLConnection.java:86)
	at java.base/sun.net.www.protocol.file.FileURLConnection.getInputStream(FileURLConnection.java:184)
	at java.base/java.net.URL.openStream(URL.java:1117)
	at org.apache.tomcat.util.file.ConfigFileLoader.getInputStream(ConfigFileLoader.java:100)
	at org.apache.tomcat.util.net.jsse.JSSESocketFactory.getStore(JSSESocketFactory.java:472)
	at org.apache.tomcat.util.net.jsse.JSSESocketFactory.getKeystore(JSSESocketFactory.java:381)
	at org.apache.tomcat.util.net.jsse.JSSESocketFactory.getKeyManagers(JSSESocketFactory.java:654)
	at org.apache.tomcat.util.net.jsse.JSSESocketFactory.getKeyManagers(JSSESocketFactory.java:594)
	at org.apache.tomcat.util.net.jsse.JSSESocketFactory.init(JSSESocketFactory.java:539)
	at org.apache.tomcat.util.net.jsse.JSSESocketFactory.createSocket(JSSESocketFactory.java:255)
	at org.apache.tomcat.util.net.JIoEndpoint.bind(JIoEndpoint.java:401)
	at org.apache.tomcat.util.net.AbstractEndpoint.init(AbstractEndpoint.java:728)
	at org.apache.coyote.AbstractProtocol.init(AbstractProtocol.java:452)
	at org.apache.coyote.http11.AbstractHttp11JsseProtocol.init(AbstractHttp11JsseProtocol.java:119)
	at org.apache.catalina.connector.Connector.initInternal(Connector.java:978)
	at org.apache.catalina.util.LifecycleBase.init(LifecycleBase.java:102)
	at org.apache.catalina.core.StandardService.initInternal(StandardService.java:560)
	at org.apache.catalina.util.LifecycleBase.init(LifecycleBase.java:102)
	at org.apache.catalina.core.StandardServer.initInternal(StandardServer.java:840)
	at org.apache.catalina.util.LifecycleBase.init(LifecycleBase.java:102)
	at org.apache.catalina.startup.Catalina.load(Catalina.java:660)
	at org.apache.catalina.startup.Catalina.load(Catalina.java:685)
	at java.base/jdk.internal.reflect.NativeMethodAccessorImpl.invoke0(Native Method)
	at java.base/jdk.internal.reflect.NativeMethodAccessorImpl.invoke(NativeMethodAccessorImpl.java:62)
	at java.base/jdk.internal.reflect.DelegatingMethodAccessorImpl.invoke(DelegatingMethodAccessorImpl.java:43)
	at java.base/java.lang.reflect.Method.invoke(Method.java:564)
	at org.apache.catalina.startup.Bootstrap.load(Bootstrap.java:253)
	at org.apache.catalina.startup.Bootstrap.main(Bootstrap.java:427)

Mar 10, 2019 12:51:10 PM org.apache.catalina.core.StandardService initInternal
SEVERE: Failed to initialize connector [Connector[HTTP/1.1-8443]]
org.apache.catalina.LifecycleException: Failed to initialize component [Connector[HTTP/1.1-8443]]
	at org.apache.catalina.util.LifecycleBase.init(LifecycleBase.java:107)
	at org.apache.catalina.core.StandardService.initInternal(StandardService.java:560)
	at org.apache.catalina.util.LifecycleBase.init(LifecycleBase.java:102)
	at org.apache.catalina.core.StandardServer.initInternal(StandardServer.java:840)
	at org.apache.catalina.util.LifecycleBase.init(LifecycleBase.java:102)
	at org.apache.catalina.startup.Catalina.load(Catalina.java:660)
	at org.apache.catalina.startup.Catalina.load(Catalina.java:685)
	at java.base/jdk.internal.reflect.NativeMethodAccessorImpl.invoke0(Native Method)
	at java.base/jdk.internal.reflect.NativeMethodAccessorImpl.invoke(NativeMethodAccessorImpl.java:62)
	at java.base/jdk.internal.reflect.DelegatingMethodAccessorImpl.invoke(DelegatingMethodAccessorImpl.java:43)
	at java.base/java.lang.reflect.Method.invoke(Method.java:564)
	at org.apache.catalina.startup.Bootstrap.load(Bootstrap.java:253)
	at org.apache.catalina.startup.Bootstrap.main(Bootstrap.java:427)
Caused by: org.apache.catalina.LifecycleException: Protocol handler initialization failed
	at org.apache.catalina.connector.Connector.initInternal(Connector.java:980)
	at org.apache.catalina.util.LifecycleBase.init(LifecycleBase.java:102)
	... 12 more
Caused by: java.io.FileNotFoundException: C:\Users\vural\Desktop\ssl\apache-tomcat-7.0.93\conf\localhost-rsa.jks (The system cannot find the file specified)
	at java.base/java.io.FileInputStream.open0(Native Method)
	at java.base/java.io.FileInputStream.open(FileInputStream.java:196)
	at java.base/java.io.FileInputStream.<init>(FileInputStream.java:139)
	at java.base/java.io.FileInputStream.<init>(FileInputStream.java:94)
	at java.base/sun.net.www.protocol.file.FileURLConnection.connect(FileURLConnection.java:86)
	at java.base/sun.net.www.protocol.file.FileURLConnection.getInputStream(FileURLConnection.java:184)
	at java.base/java.net.URL.openStream(URL.java:1117)
	at org.apache.tomcat.util.file.ConfigFileLoader.getInputStream(ConfigFileLoader.java:100)
	at org.apache.tomcat.util.net.jsse.JSSESocketFactory.getStore(JSSESocketFactory.java:472)
	at org.apache.tomcat.util.net.jsse.JSSESocketFactory.getKeystore(JSSESocketFactory.java:381)
	at org.apache.tomcat.util.net.jsse.JSSESocketFactory.getKeyManagers(JSSESocketFactory.java:654)
	at org.apache.tomcat.util.net.jsse.JSSESocketFactory.getKeyManagers(JSSESocketFactory.java:594)
	at org.apache.tomcat.util.net.jsse.JSSESocketFactory.init(JSSESocketFactory.java:539)
	at org.apache.tomcat.util.net.jsse.JSSESocketFactory.createSocket(JSSESocketFactory.java:255)
	at org.apache.tomcat.util.net.JIoEndpoint.bind(JIoEndpoint.java:401)
	at org.apache.tomcat.util.net.AbstractEndpoint.init(AbstractEndpoint.java:728)
	at org.apache.coyote.AbstractProtocol.init(AbstractProtocol.java:452)
	at org.apache.coyote.http11.AbstractHttp11JsseProtocol.init(AbstractHttp11JsseProtocol.java:119)
	at org.apache.catalina.connector.Connector.initInternal(Connector.java:978)
	... 13 more

Mar 10, 2019 12:51:10 PM org.apache.coyote.AbstractProtocol init
INFO: Initializing ProtocolHandler ["ajp-apr-8009"]
Mar 10, 2019 12:51:10 PM org.apache.catalina.startup.Catalina load
INFO: Initialization processed in 1268 ms
Mar 10, 2019 12:51:10 PM org.apache.catalina.core.StandardService startInternal
INFO: Starting service Catalina
Mar 10, 2019 12:51:10 PM org.apache.catalina.core.StandardEngine startInternal
INFO: Starting Servlet Engine: Apache Tomcat/7.0.93
Mar 10, 2019 12:51:10 PM org.apache.catalina.startup.HostConfig deployWAR
INFO: Deploying web application archive C:\Users\vural\Desktop\ssl\apache-tomcat-7.0.93\webapps\JavaSSL.war
Mar 10, 2019 12:51:11 PM org.apache.catalina.loader.WebappClassLoaderBase validateJarFile
INFO: validateJarFile(C:\Users\vural\Desktop\ssl\apache-tomcat-7.0.93\webapps\JavaSSL\WEB-INF\lib\javax.servlet-api-3.1.0.jar) - jar not loaded. See Servlet Spec 3.0, section 10.7.2. Offending class: javax/servlet/Servlet.class
Mar 10, 2019 12:51:12 PM org.apache.catalina.startup.TldConfig execute
INFO: At least one JAR was scanned for TLDs yet contained no TLDs. Enable debug logging for this logger for a complete list of JARs that were scanned but no TLDs were found in them. Skipping unneeded JARs during scanning can improve startup time and JSP compilation time.
Mar 10, 2019 12:51:12 PM org.apache.catalina.util.SessionIdGeneratorBase createSecureRandom
WARNING: Creation of SecureRandom instance for session ID generation using [SHA1PRNG] took [218] milliseconds.
Mar 10, 2019 12:51:12 PM org.springframework.web.servlet.DispatcherServlet initServletBean
INFO: FrameworkServlet 'dispatcher': initialization started
Mar 10, 2019 12:51:12 PM org.springframework.web.context.support.XmlWebApplicationContext prepareRefresh
INFO: Refreshing WebApplicationContext for namespace 'dispatcher-servlet': startup date [Sun Mar 10 12:51:12 EET 2019]; root of context hierarchy
Mar 10, 2019 12:51:12 PM org.springframework.beans.factory.xml.XmlBeanDefinitionReader loadBeanDefinitions
INFO: Loading XML bean definitions from ServletContext resource [/WEB-INF/dispatcher-servlet.xml]
Mar 10, 2019 12:51:13 PM org.springframework.beans.factory.support.DefaultListableBeanFactory registerBeanDefinition
INFO: Overriding bean definition for bean 'mvcContentNegotiationManager' with a different definition: replacing [Root bean: class [org.springframework.web.accept.ContentNegotiationManagerFactoryBean]; scope=; abstract=false; lazyInit=false; autowireMode=0; dependencyCheck=0; autowireCandidate=true; primary=false; factoryBeanName=null; factoryMethodName=null; initMethodName=null; destroyMethodName=null] with [Root bean: class [null]; scope=; abstract=false; lazyInit=false; autowireMode=3; dependencyCheck=0; autowireCandidate=true; primary=false; factoryBeanName=org.springframework.web.servlet.config.annotation.DelegatingWebMvcConfiguration; factoryMethodName=mvcContentNegotiationManager; initMethodName=null; destroyMethodName=(inferred); defined in class path resource [org/springframework/web/servlet/config/annotation/DelegatingWebMvcConfiguration.class]]
Mar 10, 2019 12:51:13 PM org.springframework.context.annotation.ConfigurationClassBeanDefinitionReader isOverriddenByExistingDefinition
INFO: Skipping bean definition for [BeanMethod:name=mvcUriComponentsContributor,declaringClass=org.springframework.web.servlet.config.annotation.WebMvcConfigurationSupport]: a definition for bean 'mvcUriComponentsContributor' already exists. This top-level bean definition is considered as an override.
Mar 10, 2019 12:51:13 PM org.springframework.web.servlet.mvc.method.annotation.RequestMappingHandlerMapping register
INFO: Mapped "{[/hello]}" onto public java.lang.String com.vural.ssl.Controller.hello()
Mar 10, 2019 12:51:13 PM org.springframework.web.servlet.mvc.method.annotation.RequestMappingHandlerMapping register
INFO: Mapped "{[/],methods=[GET]}" onto public java.lang.String com.vural.ssl.Controller.home(java.util.Locale,org.springframework.ui.Model)
Mar 10, 2019 12:51:14 PM org.springframework.web.servlet.mvc.method.annotation.RequestMappingHandlerAdapter initControllerAdviceCache
INFO: Looking for @ControllerAdvice: WebApplicationContext for namespace 'dispatcher-servlet': startup date [Sun Mar 10 12:51:12 EET 2019]; root of context hierarchy
Mar 10, 2019 12:51:14 PM org.springframework.web.servlet.mvc.method.annotation.RequestMappingHandlerAdapter initControllerAdviceCache
INFO: Looking for @ControllerAdvice: WebApplicationContext for namespace 'dispatcher-servlet': startup date [Sun Mar 10 12:51:12 EET 2019]; root of context hierarchy
Mar 10, 2019 12:51:14 PM org.springframework.web.servlet.mvc.method.annotation.RequestMappingHandlerMapping register
INFO: Mapped "{[/hello]}" onto public java.lang.String com.vural.ssl.Controller.hello()
Mar 10, 2019 12:51:14 PM org.springframework.web.servlet.mvc.method.annotation.RequestMappingHandlerMapping register
INFO: Mapped "{[/],methods=[GET]}" onto public java.lang.String com.vural.ssl.Controller.home(java.util.Locale,org.springframework.ui.Model)
Mar 10, 2019 12:51:14 PM org.springframework.web.servlet.mvc.method.annotation.RequestMappingHandlerAdapter initControllerAdviceCache
INFO: Looking for @ControllerAdvice: WebApplicationContext for namespace 'dispatcher-servlet': startup date [Sun Mar 10 12:51:12 EET 2019]; root of context hierarchy
Mar 10, 2019 12:51:14 PM org.springframework.web.servlet.DispatcherServlet initServletBean
INFO: FrameworkServlet 'dispatcher': initialization completed in 2053 ms
Mar 10, 2019 12:51:14 PM org.apache.catalina.startup.HostConfig deployWAR
INFO: Deployment of web application archive C:\Users\vural\Desktop\ssl\apache-tomcat-7.0.93\webapps\JavaSSL.war has finished in 3,962 ms
Mar 10, 2019 12:51:14 PM org.apache.catalina.startup.HostConfig deployDirectory
INFO: Deploying web application directory C:\Users\vural\Desktop\ssl\apache-tomcat-7.0.93\webapps\docs
Mar 10, 2019 12:51:14 PM org.apache.catalina.startup.TldConfig execute
INFO: At least one JAR was scanned for TLDs yet contained no TLDs. Enable debug logging for this logger for a complete list of JARs that were scanned but no TLDs were found in them. Skipping unneeded JARs during scanning can improve startup time and JSP compilation time.
Mar 10, 2019 12:51:14 PM org.apache.catalina.startup.HostConfig deployDirectory
INFO: Deployment of web application directory C:\Users\vural\Desktop\ssl\apache-tomcat-7.0.93\webapps\docs has finished in 75 ms
Mar 10, 2019 12:51:14 PM org.apache.catalina.startup.HostConfig deployDirectory
INFO: Deploying web application directory C:\Users\vural\Desktop\ssl\apache-tomcat-7.0.93\webapps\examples
Mar 10, 2019 12:51:15 PM org.apache.catalina.startup.TldConfig execute
INFO: At least one JAR was scanned for TLDs yet contained no TLDs. Enable debug logging for this logger for a complete list of JARs that were scanned but no TLDs were found in them. Skipping unneeded JARs during scanning can improve startup time and JSP compilation time.
Mar 10, 2019 12:51:15 PM org.apache.catalina.startup.HostConfig deployDirectory
INFO: Deployment of web application directory C:\Users\vural\Desktop\ssl\apache-tomcat-7.0.93\webapps\examples has finished in 322 ms
Mar 10, 2019 12:51:15 PM org.apache.catalina.startup.HostConfig deployDirectory
INFO: Deploying web application directory C:\Users\vural\Desktop\ssl\apache-tomcat-7.0.93\webapps\host-manager
Mar 10, 2019 12:51:15 PM org.apache.catalina.startup.TldConfig execute
INFO: At least one JAR was scanned for TLDs yet contained no TLDs. Enable debug logging for this logger for a complete list of JARs that were scanned but no TLDs were found in them. Skipping unneeded JARs during scanning can improve startup time and JSP compilation time.
Mar 10, 2019 12:51:15 PM org.apache.catalina.startup.HostConfig deployDirectory
INFO: Deployment of web application directory C:\Users\vural\Desktop\ssl\apache-tomcat-7.0.93\webapps\host-manager has finished in 74 ms
Mar 10, 2019 12:51:15 PM org.apache.catalina.startup.HostConfig deployDirectory
INFO: Deploying web application directory C:\Users\vural\Desktop\ssl\apache-tomcat-7.0.93\webapps\manager
Mar 10, 2019 12:51:15 PM org.apache.catalina.startup.TldConfig execute
INFO: At least one JAR was scanned for TLDs yet contained no TLDs. Enable debug logging for this logger for a complete list of JARs that were scanned but no TLDs were found in them. Skipping unneeded JARs during scanning can improve startup time and JSP compilation time.
Mar 10, 2019 12:51:15 PM org.apache.catalina.startup.HostConfig deployDirectory
INFO: Deployment of web application directory C:\Users\vural\Desktop\ssl\apache-tomcat-7.0.93\webapps\manager has finished in 74 ms
Mar 10, 2019 12:51:15 PM org.apache.catalina.startup.HostConfig deployDirectory
INFO: Deploying web application directory C:\Users\vural\Desktop\ssl\apache-tomcat-7.0.93\webapps\ROOT
Mar 10, 2019 12:51:15 PM org.apache.catalina.startup.TldConfig execute
INFO: At least one JAR was scanned for TLDs yet contained no TLDs. Enable debug logging for this logger for a complete list of JARs that were scanned but no TLDs were found in them. Skipping unneeded JARs during scanning can improve startup time and JSP compilation time.
Mar 10, 2019 12:51:15 PM org.apache.catalina.startup.HostConfig deployDirectory
INFO: Deployment of web application directory C:\Users\vural\Desktop\ssl\apache-tomcat-7.0.93\webapps\ROOT has finished in 102 ms
Mar 10, 2019 12:51:15 PM org.apache.coyote.AbstractProtocol start
INFO: Starting ProtocolHandler ["http-apr-8080"]
Mar 10, 2019 12:51:15 PM org.apache.coyote.AbstractProtocol start
INFO: Starting ProtocolHandler ["ajp-apr-8009"]
Mar 10, 2019 12:51:15 PM org.apache.catalina.startup.Catalina start
INFO: Server startup in 4780 ms
Mar 10, 2019 12:52:06 PM org.apache.coyote.AbstractProtocol pause
INFO: Pausing ProtocolHandler ["http-apr-8080"]
Mar 10, 2019 12:52:06 PM org.apache.coyote.AbstractProtocol pause
INFO: Pausing ProtocolHandler ["http-bio-8443"]
Mar 10, 2019 12:52:06 PM org.apache.coyote.AbstractProtocol pause
INFO: Pausing ProtocolHandler ["ajp-apr-8009"]
Mar 10, 2019 12:52:06 PM org.apache.catalina.core.StandardService stopInternal
INFO: Stopping service Catalina
Mar 10, 2019 12:52:06 PM org.springframework.web.context.support.XmlWebApplicationContext doClose
INFO: Closing WebApplicationContext for namespace 'dispatcher-servlet': startup date [Sun Mar 10 12:51:12 EET 2019]; root of context hierarchy
Mar 10, 2019 12:52:06 PM org.apache.coyote.AbstractProtocol stop
INFO: Stopping ProtocolHandler ["http-apr-8080"]
Mar 10, 2019 12:52:06 PM org.apache.coyote.AbstractProtocol stop
INFO: Stopping ProtocolHandler ["ajp-apr-8009"]
Mar 10, 2019 12:52:06 PM org.apache.coyote.AbstractProtocol destroy
INFO: Destroying ProtocolHandler ["http-apr-8080"]
Mar 10, 2019 12:52:06 PM org.apache.coyote.AbstractProtocol stop
INFO: Stopping ProtocolHandler ["http-bio-8443"]
Mar 10, 2019 12:52:06 PM org.apache.coyote.AbstractProtocol destroy
INFO: Destroying ProtocolHandler ["http-bio-8443"]
Mar 10, 2019 12:52:06 PM org.apache.coyote.AbstractProtocol destroy
INFO: Destroying ProtocolHandler ["ajp-apr-8009"]
Mar 10, 2019 12:52:15 PM org.apache.catalina.startup.VersionLoggerListener log
INFO: Server version:        Apache Tomcat/7.0.93
Mar 10, 2019 12:52:15 PM org.apache.catalina.startup.VersionLoggerListener log
INFO: Server built:          Feb 16 2019 17:13:17 UTC
Mar 10, 2019 12:52:15 PM org.apache.catalina.startup.VersionLoggerListener log
INFO: Server number:         7.0.93.0
Mar 10, 2019 12:52:15 PM org.apache.catalina.startup.VersionLoggerListener log
INFO: OS Name:               Windows 10
Mar 10, 2019 12:52:15 PM org.apache.catalina.startup.VersionLoggerListener log
INFO: OS Version:            10.0
Mar 10, 2019 12:52:15 PM org.apache.catalina.startup.VersionLoggerListener log
INFO: Architecture:          amd64
Mar 10, 2019 12:52:15 PM org.apache.catalina.startup.VersionLoggerListener log
INFO: Java Home:             C:\Program Files\Java\jdk-9.0.1
Mar 10, 2019 12:52:15 PM org.apache.catalina.startup.VersionLoggerListener log
INFO: JVM Version:           9.0.1+11
Mar 10, 2019 12:52:15 PM org.apache.catalina.startup.VersionLoggerListener log
INFO: JVM Vendor:            Oracle Corporation
Mar 10, 2019 12:52:16 PM org.apache.catalina.startup.VersionLoggerListener log
INFO: CATALINA_BASE:         C:\Users\vural\Desktop\ssl\apache-tomcat-7.0.93
Mar 10, 2019 12:52:16 PM org.apache.catalina.startup.VersionLoggerListener log
INFO: CATALINA_HOME:         C:\Users\vural\Desktop\ssl\apache-tomcat-7.0.93
Mar 10, 2019 12:52:16 PM org.apache.catalina.startup.VersionLoggerListener log
INFO: Command line argument: --add-opens=java.base/java.lang=ALL-UNNAMED
Mar 10, 2019 12:52:16 PM org.apache.catalina.startup.VersionLoggerListener log
INFO: Command line argument: --add-opens=java.base/java.io=ALL-UNNAMED
Mar 10, 2019 12:52:16 PM org.apache.catalina.startup.VersionLoggerListener log
INFO: Command line argument: --add-opens=java.rmi/sun.rmi.transport=ALL-UNNAMED
Mar 10, 2019 12:52:16 PM org.apache.catalina.startup.VersionLoggerListener log
INFO: Command line argument: -Djava.util.logging.config.file=C:\Users\vural\Desktop\ssl\apache-tomcat-7.0.93\conf\logging.properties
Mar 10, 2019 12:52:16 PM org.apache.catalina.startup.VersionLoggerListener log
INFO: Command line argument: -Djava.util.logging.manager=org.apache.juli.ClassLoaderLogManager
Mar 10, 2019 12:52:16 PM org.apache.catalina.startup.VersionLoggerListener log
INFO: Command line argument: -Djdk.tls.ephemeralDHKeySize=2048
Mar 10, 2019 12:52:16 PM org.apache.catalina.startup.VersionLoggerListener log
INFO: Command line argument: -Dignore.endorsed.dirs=
Mar 10, 2019 12:52:16 PM org.apache.catalina.startup.VersionLoggerListener log
INFO: Command line argument: -Dcatalina.base=C:\Users\vural\Desktop\ssl\apache-tomcat-7.0.93
Mar 10, 2019 12:52:16 PM org.apache.catalina.startup.VersionLoggerListener log
INFO: Command line argument: -Dcatalina.home=C:\Users\vural\Desktop\ssl\apache-tomcat-7.0.93
Mar 10, 2019 12:52:16 PM org.apache.catalina.startup.VersionLoggerListener log
INFO: Command line argument: -Djava.io.tmpdir=C:\Users\vural\Desktop\ssl\apache-tomcat-7.0.93\temp
Mar 10, 2019 12:52:16 PM org.apache.catalina.core.AprLifecycleListener lifecycleEvent
INFO: Loaded APR based Apache Tomcat Native library 1.2.21 using APR version 1.6.5.
Mar 10, 2019 12:52:16 PM org.apache.catalina.core.AprLifecycleListener lifecycleEvent
INFO: APR capabilities: IPv6 [true], sendfile [true], accept filters [false], random [true].
Mar 10, 2019 12:52:16 PM org.apache.catalina.core.AprLifecycleListener initializeSSL
INFO: OpenSSL successfully initialized (OpenSSL 1.1.1a  20 Nov 2018)
Mar 10, 2019 12:52:16 PM org.apache.coyote.AbstractProtocol init
INFO: Initializing ProtocolHandler ["http-apr-8080"]
Mar 10, 2019 12:52:16 PM org.apache.coyote.AbstractProtocol init
INFO: Initializing ProtocolHandler ["http-bio-8443"]
Mar 10, 2019 12:52:16 PM org.apache.coyote.AbstractProtocol init
INFO: Initializing ProtocolHandler ["ajp-apr-8009"]
Mar 10, 2019 12:52:16 PM org.apache.catalina.startup.Catalina load
INFO: Initialization processed in 1472 ms
Mar 10, 2019 12:52:16 PM org.apache.catalina.core.StandardService startInternal
INFO: Starting service Catalina
Mar 10, 2019 12:52:16 PM org.apache.catalina.core.StandardEngine startInternal
INFO: Starting Servlet Engine: Apache Tomcat/7.0.93
Mar 10, 2019 12:52:16 PM org.apache.catalina.startup.HostConfig deployWAR
INFO: Deploying web application archive C:\Users\vural\Desktop\ssl\apache-tomcat-7.0.93\webapps\JavaSSL.war
Mar 10, 2019 12:52:17 PM org.apache.catalina.loader.WebappClassLoaderBase validateJarFile
INFO: validateJarFile(C:\Users\vural\Desktop\ssl\apache-tomcat-7.0.93\webapps\JavaSSL\WEB-INF\lib\javax.servlet-api-3.1.0.jar) - jar not loaded. See Servlet Spec 3.0, section 10.7.2. Offending class: javax/servlet/Servlet.class
Mar 10, 2019 12:52:18 PM org.apache.catalina.startup.TldConfig execute
INFO: At least one JAR was scanned for TLDs yet contained no TLDs. Enable debug logging for this logger for a complete list of JARs that were scanned but no TLDs were found in them. Skipping unneeded JARs during scanning can improve startup time and JSP compilation time.
Mar 10, 2019 12:52:18 PM org.apache.catalina.util.SessionIdGeneratorBase createSecureRandom
WARNING: Creation of SecureRandom instance for session ID generation using [SHA1PRNG] took [176] milliseconds.
Mar 10, 2019 12:52:18 PM org.springframework.web.servlet.DispatcherServlet initServletBean
INFO: FrameworkServlet 'dispatcher': initialization started
Mar 10, 2019 12:52:18 PM org.springframework.web.context.support.XmlWebApplicationContext prepareRefresh
INFO: Refreshing WebApplicationContext for namespace 'dispatcher-servlet': startup date [Sun Mar 10 12:52:18 EET 2019]; root of context hierarchy
Mar 10, 2019 12:52:18 PM org.springframework.beans.factory.xml.XmlBeanDefinitionReader loadBeanDefinitions
INFO: Loading XML bean definitions from ServletContext resource [/WEB-INF/dispatcher-servlet.xml]
Mar 10, 2019 12:52:19 PM org.springframework.beans.factory.support.DefaultListableBeanFactory registerBeanDefinition
INFO: Overriding bean definition for bean 'mvcContentNegotiationManager' with a different definition: replacing [Root bean: class [org.springframework.web.accept.ContentNegotiationManagerFactoryBean]; scope=; abstract=false; lazyInit=false; autowireMode=0; dependencyCheck=0; autowireCandidate=true; primary=false; factoryBeanName=null; factoryMethodName=null; initMethodName=null; destroyMethodName=null] with [Root bean: class [null]; scope=; abstract=false; lazyInit=false; autowireMode=3; dependencyCheck=0; autowireCandidate=true; primary=false; factoryBeanName=org.springframework.web.servlet.config.annotation.DelegatingWebMvcConfiguration; factoryMethodName=mvcContentNegotiationManager; initMethodName=null; destroyMethodName=(inferred); defined in class path resource [org/springframework/web/servlet/config/annotation/DelegatingWebMvcConfiguration.class]]
Mar 10, 2019 12:52:19 PM org.springframework.context.annotation.ConfigurationClassBeanDefinitionReader isOverriddenByExistingDefinition
INFO: Skipping bean definition for [BeanMethod:name=mvcUriComponentsContributor,declaringClass=org.springframework.web.servlet.config.annotation.WebMvcConfigurationSupport]: a definition for bean 'mvcUriComponentsContributor' already exists. This top-level bean definition is considered as an override.
Mar 10, 2019 12:52:19 PM org.springframework.web.servlet.mvc.method.annotation.RequestMappingHandlerMapping register
INFO: Mapped "{[/],methods=[GET]}" onto public java.lang.String com.vural.ssl.Controller.home(java.util.Locale,org.springframework.ui.Model)
Mar 10, 2019 12:52:19 PM org.springframework.web.servlet.mvc.method.annotation.RequestMappingHandlerMapping register
INFO: Mapped "{[/hello]}" onto public java.lang.String com.vural.ssl.Controller.hello()
Mar 10, 2019 12:52:20 PM org.springframework.web.servlet.mvc.method.annotation.RequestMappingHandlerAdapter initControllerAdviceCache
INFO: Looking for @ControllerAdvice: WebApplicationContext for namespace 'dispatcher-servlet': startup date [Sun Mar 10 12:52:18 EET 2019]; root of context hierarchy
Mar 10, 2019 12:52:20 PM org.springframework.web.servlet.mvc.method.annotation.RequestMappingHandlerAdapter initControllerAdviceCache
INFO: Looking for @ControllerAdvice: WebApplicationContext for namespace 'dispatcher-servlet': startup date [Sun Mar 10 12:52:18 EET 2019]; root of context hierarchy
Mar 10, 2019 12:52:20 PM org.springframework.web.servlet.mvc.method.annotation.RequestMappingHandlerMapping register
INFO: Mapped "{[/],methods=[GET]}" onto public java.lang.String com.vural.ssl.Controller.home(java.util.Locale,org.springframework.ui.Model)
Mar 10, 2019 12:52:20 PM org.springframework.web.servlet.mvc.method.annotation.RequestMappingHandlerMapping register
INFO: Mapped "{[/hello]}" onto public java.lang.String com.vural.ssl.Controller.hello()
Mar 10, 2019 12:52:20 PM org.springframework.web.servlet.mvc.method.annotation.RequestMappingHandlerAdapter initControllerAdviceCache
INFO: Looking for @ControllerAdvice: WebApplicationContext for namespace 'dispatcher-servlet': startup date [Sun Mar 10 12:52:18 EET 2019]; root of context hierarchy
Mar 10, 2019 12:52:20 PM org.springframework.web.servlet.DispatcherServlet initServletBean
INFO: FrameworkServlet 'dispatcher': initialization completed in 1982 ms
Mar 10, 2019 12:52:20 PM org.apache.catalina.startup.HostConfig deployWAR
INFO: Deployment of web application archive C:\Users\vural\Desktop\ssl\apache-tomcat-7.0.93\webapps\JavaSSL.war has finished in 3,736 ms
Mar 10, 2019 12:52:20 PM org.apache.catalina.startup.HostConfig deployDirectory
INFO: Deploying web application directory C:\Users\vural\Desktop\ssl\apache-tomcat-7.0.93\webapps\docs
Mar 10, 2019 12:52:20 PM org.apache.catalina.startup.TldConfig execute
INFO: At least one JAR was scanned for TLDs yet contained no TLDs. Enable debug logging for this logger for a complete list of JARs that were scanned but no TLDs were found in them. Skipping unneeded JARs during scanning can improve startup time and JSP compilation time.
Mar 10, 2019 12:52:20 PM org.apache.catalina.startup.HostConfig deployDirectory
INFO: Deployment of web application directory C:\Users\vural\Desktop\ssl\apache-tomcat-7.0.93\webapps\docs has finished in 78 ms
Mar 10, 2019 12:52:20 PM org.apache.catalina.startup.HostConfig deployDirectory
INFO: Deploying web application directory C:\Users\vural\Desktop\ssl\apache-tomcat-7.0.93\webapps\examples
Mar 10, 2019 12:52:20 PM org.apache.catalina.startup.TldConfig execute
INFO: At least one JAR was scanned for TLDs yet contained no TLDs. Enable debug logging for this logger for a complete list of JARs that were scanned but no TLDs were found in them. Skipping unneeded JARs during scanning can improve startup time and JSP compilation time.
Mar 10, 2019 12:52:21 PM org.apache.catalina.startup.HostConfig deployDirectory
INFO: Deployment of web application directory C:\Users\vural\Desktop\ssl\apache-tomcat-7.0.93\webapps\examples has finished in 351 ms
Mar 10, 2019 12:52:21 PM org.apache.catalina.startup.HostConfig deployDirectory
INFO: Deploying web application directory C:\Users\vural\Desktop\ssl\apache-tomcat-7.0.93\webapps\host-manager
Mar 10, 2019 12:52:21 PM org.apache.catalina.startup.TldConfig execute
INFO: At least one JAR was scanned for TLDs yet contained no TLDs. Enable debug logging for this logger for a complete list of JARs that were scanned but no TLDs were found in them. Skipping unneeded JARs during scanning can improve startup time and JSP compilation time.
Mar 10, 2019 12:52:21 PM org.apache.catalina.startup.HostConfig deployDirectory
INFO: Deployment of web application directory C:\Users\vural\Desktop\ssl\apache-tomcat-7.0.93\webapps\host-manager has finished in 104 ms
Mar 10, 2019 12:52:21 PM org.apache.catalina.startup.HostConfig deployDirectory
INFO: Deploying web application directory C:\Users\vural\Desktop\ssl\apache-tomcat-7.0.93\webapps\manager
Mar 10, 2019 12:52:21 PM org.apache.catalina.startup.TldConfig execute
INFO: At least one JAR was scanned for TLDs yet contained no TLDs. Enable debug logging for this logger for a complete list of JARs that were scanned but no TLDs were found in them. Skipping unneeded JARs during scanning can improve startup time and JSP compilation time.
Mar 10, 2019 12:52:21 PM org.apache.catalina.startup.HostConfig deployDirectory
INFO: Deployment of web application directory C:\Users\vural\Desktop\ssl\apache-tomcat-7.0.93\webapps\manager has finished in 83 ms
Mar 10, 2019 12:52:21 PM org.apache.catalina.startup.HostConfig deployDirectory
INFO: Deploying web application directory C:\Users\vural\Desktop\ssl\apache-tomcat-7.0.93\webapps\ROOT
Mar 10, 2019 12:52:21 PM org.apache.catalina.startup.TldConfig execute
INFO: At least one JAR was scanned for TLDs yet contained no TLDs. Enable debug logging for this logger for a complete list of JARs that were scanned but no TLDs were found in them. Skipping unneeded JARs during scanning can improve startup time and JSP compilation time.
Mar 10, 2019 12:52:21 PM org.apache.catalina.startup.HostConfig deployDirectory
INFO: Deployment of web application directory C:\Users\vural\Desktop\ssl\apache-tomcat-7.0.93\webapps\ROOT has finished in 76 ms
Mar 10, 2019 12:52:21 PM org.apache.coyote.AbstractProtocol start
INFO: Starting ProtocolHandler ["http-apr-8080"]
Mar 10, 2019 12:52:21 PM org.apache.coyote.AbstractProtocol start
INFO: Starting ProtocolHandler ["http-bio-8443"]
Mar 10, 2019 12:52:21 PM org.apache.coyote.AbstractProtocol start
INFO: Starting ProtocolHandler ["ajp-apr-8009"]
Mar 10, 2019 12:52:21 PM org.apache.catalina.startup.Catalina start
INFO: Server startup in 4605 ms
Mar 10, 2019 12:53:56 PM org.apache.coyote.http11.AbstractHttp11Processor process
INFO: Error parsing HTTP request header
 Note: further occurrences of HTTP header parsing errors will be logged at DEBUG level.
java.lang.IllegalArgumentException: Invalid character found in method name. HTTP method names must be tokens
	at org.apache.coyote.http11.InternalAprInputBuffer.parseRequestLine(InternalAprInputBuffer.java:186)
	at org.apache.coyote.http11.AbstractHttp11Processor.process(AbstractHttp11Processor.java:1050)
	at org.apache.coyote.AbstractProtocol$AbstractConnectionHandler.process(AbstractProtocol.java:637)
	at org.apache.tomcat.util.net.AprEndpoint$SocketProcessor.doRun(AprEndpoint.java:2575)
	at org.apache.tomcat.util.net.AprEndpoint$SocketProcessor.run(AprEndpoint.java:2564)
	at java.base/java.util.concurrent.ThreadPoolExecutor.runWorker(ThreadPoolExecutor.java:1167)
	at java.base/java.util.concurrent.ThreadPoolExecutor$Worker.run(ThreadPoolExecutor.java:641)
	at org.apache.tomcat.util.threads.TaskThread$WrappingRunnable.run(TaskThread.java:61)
	at java.base/java.lang.Thread.run(Thread.java:844)

Mar 10, 2019 12:54:18 PM org.apache.coyote.AbstractProtocol pause
INFO: Pausing ProtocolHandler ["http-apr-8080"]
Mar 10, 2019 12:54:18 PM org.apache.coyote.AbstractProtocol pause
INFO: Pausing ProtocolHandler ["http-bio-8443"]
Mar 10, 2019 12:54:18 PM org.apache.coyote.AbstractProtocol pause
INFO: Pausing ProtocolHandler ["ajp-apr-8009"]
Mar 10, 2019 12:54:18 PM org.apache.catalina.core.StandardService stopInternal
INFO: Stopping service Catalina
Mar 10, 2019 12:54:18 PM org.springframework.web.context.support.XmlWebApplicationContext doClose
INFO: Closing WebApplicationContext for namespace 'dispatcher-servlet': startup date [Sun Mar 10 12:52:18 EET 2019]; root of context hierarchy
Mar 10, 2019 12:54:18 PM org.apache.coyote.AbstractProtocol stop
INFO: Stopping ProtocolHandler ["http-apr-8080"]
Mar 10, 2019 12:54:18 PM org.apache.coyote.AbstractProtocol stop
INFO: Stopping ProtocolHandler ["http-bio-8443"]
Mar 10, 2019 12:54:18 PM org.apache.coyote.AbstractProtocol stop
INFO: Stopping ProtocolHandler ["ajp-apr-8009"]
Mar 10, 2019 12:54:18 PM org.apache.coyote.AbstractProtocol destroy
INFO: Destroying ProtocolHandler ["http-apr-8080"]
Mar 10, 2019 12:54:18 PM org.apache.coyote.AbstractProtocol destroy
INFO: Destroying ProtocolHandler ["http-bio-8443"]
Mar 10, 2019 12:54:18 PM org.apache.coyote.AbstractProtocol destroy
INFO: Destroying ProtocolHandler ["ajp-apr-8009"]
